Traceback (most recent call last):
  File "/root/.openclaw/workspace/projects/news-briefing/scripts/news_briefing.py", line 2067, in <module>
    main()
  File "/root/.openclaw/workspace/projects/news-briefing/scripts/news_briefing.py", line 2045, in main
    briefing_html, stats, failed, new_count, total = generate_briefing(mode='briefing')
                                                     ^^^^^^^^^^^^^^^^^^^^^^^^^^^^^^^^^^
  File "/root/.openclaw/workspace/projects/news-briefing/scripts/news_briefing.py", line 1915, in generate_briefing
    high_count = sum(1 for a in all_articles if a['score'] >= SCORE_THRESHOLD_HIGH)
                 ^^^^^^^^^^^^^^^^^^^^^^^^^^^^^^^^^^^^^^^^^^^^^^^^^^^^^^^^^^^^^^^^^^
  File "/root/.openclaw/workspace/projects/news-briefing/scripts/news_briefing.py", line 1915, in <genexpr>
    high_count = sum(1 for a in all_articles if a['score'] >= SCORE_THRESHOLD_HIGH)
                                                              ^^^^^^^^^^^^^^^^^^^^
NameError: name 'SCORE_THRESHOLD_HIGH' is not defined
Traceback (most recent call last):
  File "/root/.openclaw/workspace/projects/news-briefing/scripts/news_briefing.py", line 2637, in <module>
    main()
  File "/root/.openclaw/workspace/projects/news-briefing/scripts/news_briefing.py", line 2631, in main
    _, stats, failed, new_count, total = generate_briefing(mode='fetch')
                                         ^^^^^^^^^^^^^^^^^^^^^^^^^^^^^^^
  File "/root/.openclaw/workspace/projects/news-briefing/scripts/news_briefing.py", line 2092, in generate_briefing
    new_items.append(item)
    ^^^^^^^^^
UnboundLocalError: cannot access local variable 'new_items' where it is not associated with a value
Traceback (most recent call last):
  File "/root/.openclaw/workspace/projects/news-briefing/scripts/news_briefing.py", line 2637, in <module>
    main()
  File "/root/.openclaw/workspace/projects/news-briefing/scripts/news_briefing.py", line 2631, in main
    _, stats, failed, new_count, total = generate_briefing(mode='fetch')
                                         ^^^^^^^^^^^^^^^^^^^^^^^^^^^^^^^
  File "/root/.openclaw/workspace/projects/news-briefing/scripts/news_briefing.py", line 2092, in generate_briefing
    new_items.append(item)
    ^^^^^^^^^
UnboundLocalError: cannot access local variable 'new_items' where it is not associated with a value
Traceback (most recent call last):
  File "/root/.openclaw/workspace/projects/news-briefing/scripts/news_briefing.py", line 2637, in <module>
    main()
  File "/root/.openclaw/workspace/projects/news-briefing/scripts/news_briefing.py", line 2631, in main
    _, stats, failed, new_count, total = generate_briefing(mode='fetch')
                                         ^^^^^^^^^^^^^^^^^^^^^^^^^^^^^^^
  File "/root/.openclaw/workspace/projects/news-briefing/scripts/news_briefing.py", line 2092, in generate_briefing
    new_items.append(item)
    ^^^^^^^^^
UnboundLocalError: cannot access local variable 'new_items' where it is not associated with a value
Traceback (most recent call last):
  File "/root/.openclaw/workspace/projects/news-briefing/scripts/news_briefing.py", line 2530, in <module>
    main()
  File "/root/.openclaw/workspace/projects/news-briefing/scripts/news_briefing.py", line 2503, in main
    briefing_html, stats, failed, new_count, total = generate_briefing()
                                                     ^^^^^^^^^^^^^^^^^^^
  File "/root/.openclaw/workspace/projects/news-briefing/scripts/news_briefing.py", line 2082, in generate_briefing
    new_items.append(item)
    ^^^^^^^^^
UnboundLocalError: cannot access local variable 'new_items' where it is not associated with a value
/usr/bin/python3: can't open file '/root/.openclaw/workspace/projects/news-briefing/scripts/news_briefing.py': [Errno 2] No such file or directory
